<?xml version="1.0" encoding="UTF-8"?>
<testng-results ignored="0" total="1" passed="1" failed="0" skipped="0">
  <reporter-output>
  </reporter-output>
  <suite started-at="2023-07-07T12:14:10 IST" name="Default suite" finished-at="2023-07-07T12:16:41 IST" duration-ms="150700">
    <groups>
    </groups>
    <test started-at="2023-07-07T12:14:10 IST" name="Default test" finished-at="2023-07-07T12:16:41 IST" duration-ms="150700">
      <class name="test.Plum2test">
        <test-method is-config="true" signature="setup()[pri:0, instance:test.Plum2test@bae7dc0]" started-at="2023-07-07T12:14:10 IST" name="setup" finished-at="2023-07-07T12:14:17 IST" duration-ms="6478" status="PASS">
          <reporter-output>
          </reporter-output>
        </test-method> <!-- setup -->
        <test-method signature="testing()[pri:0, instance:test.Plum2test@bae7dc0]" started-at="2023-07-07T12:14:17 IST" name="testing" finished-at="2023-07-07T12:16:41 IST" duration-ms="144182" status="PASS">
          <reporter-output>
          </reporter-output>
        </test-method> <!-- testing -->
      </class> <!-- test.Plum2test -->
    </test> <!-- Default test -->
  </suite> <!-- Default suite -->
</testng-results>
